<?xml version="1.0" encoding="UTF-8"?>
<!-- Generated by org.testng.reporters.JUnitXMLReporter -->
<testsuite ignored="0" hostname="LAPTOP-LJ7RGAS5" failures="0" tests="4" name="Default test" time="8.561" errors="0" timestamp="2024-11-02T05:58:15 IST">
  <testcase classname="com.bankingproject.testcases.HomePageTestCases" name="validateURL" time="0.017"/>
  <testcase classname="com.bankingproject.testcases.HomePageTestCases" name="checkHomeButtonFunctionality" time="1.061"/>
  <testcase classname="com.bankingproject.testcases.HomePageTestCases" name="checkBankMangerButtonFunctionality" time="1.142"/>
  <testcase classname="com.bankingproject.testcases.HomePageTestCases" name="checkCustomerButtonFunctionality" time="0.997"/>
</testsuite> <!-- Default test -->
